<?xml version="1.0" encoding="UTF-8"?>
<robot generator="Robot 6.1.1 (Python 3.10.12 on linux)" generated="20231005 20:00:13.299" rpa="false" schemaversion="4">
<suite id="s1" name="Blogdoagi Teste" source="/home/thiago/CursosUdemy/robotframework/webtesting/blogdoagi_teste.robot">
<test id="s1-t1" name="Caso de teste 01 - Acessa a funcionalidade de pesquisa &quot;Lupa&quot;" line="8">
<kw name="Abrir o navegador" library="blogdoagi_resources" type="SETUP">
<kw name="Open Browser" library="SeleniumLibrary">
<arg>browser=chrome</arg>
<doc>Opens a new browser instance to the optional ``url``.</doc>
<msg timestamp="20231005 20:00:13.429" level="INFO">Opening browser 'chrome' to base url 'None'.</msg>
<status status="PASS" starttime="20231005 20:00:13.428" endtime="20231005 20:00:14.376"/>
</kw>
<kw name="Maximize Browser Window" library="SeleniumLibrary">
<doc>Maximizes current browser window.</doc>
<status status="PASS" starttime="20231005 20:00:14.376" endtime="20231005 20:00:14.504"/>
</kw>
<status status="PASS" starttime="20231005 20:00:13.428" endtime="20231005 20:00:14.504"/>
</kw>
<kw name="Dado que estou na home page do site blogdoagi.com.br" library="blogdoagi_resources">
<kw name="Go To" library="SeleniumLibrary">
<arg>url=${URL}</arg>
<doc>Navigates the current browser window to the provided ``url``.</doc>
<msg timestamp="20231005 20:00:14.507" level="INFO">Opening url 'https://blogdoagi.com.br/'</msg>
<status status="PASS" starttime="20231005 20:00:14.506" endtime="20231005 20:00:17.757"/>
</kw>
<kw name="Wait Until Page Contains Element" library="SeleniumLibrary">
<arg>locator=//div[contains(@id,'site-branding')]</arg>
<doc>Waits until the element ``locator`` appears on the current page.</doc>
<status status="PASS" starttime="20231005 20:00:17.757" endtime="20231005 20:00:17.808"/>
</kw>
<kw name="Title Should Be" library="SeleniumLibrary">
<arg>title=Blog do Agi</arg>
<doc>Verifies that the current page title equals ``title``.</doc>
<msg timestamp="20231005 20:00:17.817" level="INFO">Page title is 'Blog do Agi'.</msg>
<status status="PASS" starttime="20231005 20:00:17.808" endtime="20231005 20:00:17.817"/>
</kw>
<status status="PASS" starttime="20231005 20:00:14.505" endtime="20231005 20:00:17.817"/>
</kw>
<kw name="Quando eu acionar o ícone lupa" library="blogdoagi_resources">
<kw name="Wait Until Page Contains Element" library="SeleniumLibrary">
<arg>locator=//button[@id='search-open']</arg>
<doc>Waits until the element ``locator`` appears on the current page.</doc>
<status status="PASS" starttime="20231005 20:00:17.818" endtime="20231005 20:00:17.833"/>
</kw>
<kw name="Click Button" library="SeleniumLibrary">
<arg>locator=//button[@id='search-open']</arg>
<doc>Clicks the button identified by ``locator``.</doc>
<msg timestamp="20231005 20:00:17.833" level="INFO">Clicking button '//button[@id='search-open']'.</msg>
<status status="PASS" starttime="20231005 20:00:17.833" endtime="20231005 20:00:17.888"/>
</kw>
<status status="PASS" starttime="20231005 20:00:17.817" endtime="20231005 20:00:17.888"/>
</kw>
<kw name="Então validarei à apresentação do campo de Pesquisa e o botão pesquisar" library="blogdoagi_resources">
<kw name="Wait Until Page Contains Element" library="SeleniumLibrary">
<arg>locator=//div[@class='desktop-search'][contains(.,'Pesquisar por:')]</arg>
<doc>Waits until the element ``locator`` appears on the current page.</doc>
<status status="PASS" starttime="20231005 20:00:17.889" endtime="20231005 20:00:17.904"/>
</kw>
<kw name="Page Should Contain Element" library="SeleniumLibrary">
<arg>locator=(//input[contains(@type,'submit')])[1]</arg>
<doc>Verifies that element ``locator`` is found on the current page.</doc>
<msg timestamp="20231005 20:00:17.934" level="INFO">Current page contains element '(//input[contains(@type,'submit')])[1]'.</msg>
<status status="PASS" starttime="20231005 20:00:17.904" endtime="20231005 20:00:17.934"/>
</kw>
<status status="PASS" starttime="20231005 20:00:17.888" endtime="20231005 20:00:17.934"/>
</kw>
<kw name="Fechar o navegador" library="blogdoagi_resources" type="TEARDOWN">
<kw name="Close Browser" library="SeleniumLibrary">
<doc>Closes the current browser.</doc>
<status status="PASS" starttime="20231005 20:00:17.935" endtime="20231005 20:00:18.002"/>
</kw>
<status status="PASS" starttime="20231005 20:00:17.934" endtime="20231005 20:00:18.002"/>
</kw>
<doc>Esse teste verifica a funcionalidade do ícone lupa do site blogdoagi.com.br</doc>
<tag>lupa</tag>
<status status="PASS" starttime="20231005 20:00:13.427" endtime="20231005 20:00:18.003"/>
</test>
<test id="s1-t2" name="Caso de teste 02 - Valida o campo &quot;Pesquisar&quot;" line="15">
<kw name="Abrir o navegador" library="blogdoagi_resources" type="SETUP">
<kw name="Open Browser" library="SeleniumLibrary">
<arg>browser=chrome</arg>
<doc>Opens a new browser instance to the optional ``url``.</doc>
<msg timestamp="20231005 20:00:18.006" level="INFO">Opening browser 'chrome' to base url 'None'.</msg>
<status status="PASS" starttime="20231005 20:00:18.005" endtime="20231005 20:00:18.972"/>
</kw>
<kw name="Maximize Browser Window" library="SeleniumLibrary">
<doc>Maximizes current browser window.</doc>
<status status="PASS" starttime="20231005 20:00:18.972" endtime="20231005 20:00:19.087"/>
</kw>
<status status="PASS" starttime="20231005 20:00:18.005" endtime="20231005 20:00:19.087"/>
</kw>
<kw name="Dado que estou na home page do site blogdoagi.com.br" library="blogdoagi_resources">
<kw name="Go To" library="SeleniumLibrary">
<arg>url=${URL}</arg>
<doc>Navigates the current browser window to the provided ``url``.</doc>
<msg timestamp="20231005 20:00:19.093" level="INFO">Opening url 'https://blogdoagi.com.br/'</msg>
<status status="PASS" starttime="20231005 20:00:19.092" endtime="20231005 20:00:21.464"/>
</kw>
<kw name="Wait Until Page Contains Element" library="SeleniumLibrary">
<arg>locator=//div[contains(@id,'site-branding')]</arg>
<doc>Waits until the element ``locator`` appears on the current page.</doc>
<status status="PASS" starttime="20231005 20:00:21.464" endtime="20231005 20:00:21.506"/>
</kw>
<kw name="Title Should Be" library="SeleniumLibrary">
<arg>title=Blog do Agi</arg>
<doc>Verifies that the current page title equals ``title``.</doc>
<msg timestamp="20231005 20:00:21.510" level="INFO">Page title is 'Blog do Agi'.</msg>
<status status="PASS" starttime="20231005 20:00:21.506" endtime="20231005 20:00:21.510"/>
</kw>
<status status="PASS" starttime="20231005 20:00:19.089" endtime="20231005 20:00:21.510"/>
</kw>
<kw name="E farei uma Pesquisa" library="blogdoagi_resources">
<kw name="Wait Until Page Contains Element" library="SeleniumLibrary">
<arg>locator=//button[@id='search-open']</arg>
<doc>Waits until the element ``locator`` appears on the current page.</doc>
<status status="PASS" starttime="20231005 20:00:21.511" endtime="20231005 20:00:21.521"/>
</kw>
<kw name="Click Button" library="SeleniumLibrary">
<arg>locator=//button[@id='search-open']</arg>
<doc>Clicks the button identified by ``locator``.</doc>
<msg timestamp="20231005 20:00:21.522" level="INFO">Clicking button '//button[@id='search-open']'.</msg>
<status status="PASS" starttime="20231005 20:00:21.522" endtime="20231005 20:00:21.579"/>
</kw>
<kw name="Wait Until Page Contains Element" library="SeleniumLibrary">
<arg>locator=//div[@class='desktop-search'][contains(.,'Pesquisar por:')]</arg>
<doc>Waits until the element ``locator`` appears on the current page.</doc>
<status status="PASS" starttime="20231005 20:00:21.579" endtime="20231005 20:00:21.594"/>
</kw>
<kw name="Page Should Contain Element" library="SeleniumLibrary">
<arg>locator=(//input[contains(@type,'submit')])[1]</arg>
<doc>Verifies that element ``locator`` is found on the current page.</doc>
<msg timestamp="20231005 20:00:21.607" level="INFO">Current page contains element '(//input[contains(@type,'submit')])[1]'.</msg>
<status status="PASS" starttime="20231005 20:00:21.594" endtime="20231005 20:00:21.607"/>
</kw>
<status status="PASS" starttime="20231005 20:00:21.510" endtime="20231005 20:00:21.607"/>
</kw>
<kw name="Quando eu digitar o texto &quot;Letras Financeiras Públicas&quot; no campo pesquisa" library="blogdoagi_resources">
<kw name="Input Text" library="SeleniumLibrary">
<arg>locator=(//input[contains(@type,'search')])[1]</arg>
<arg>text=Letras Financeiras Públicas</arg>
<doc>Types the given ``text`` into the text field identified by ``locator``.</doc>
<msg timestamp="20231005 20:00:21.609" level="INFO">Typing text 'Letras Financeiras Públicas' into text field '(//input[contains(@type,'search')])[1]'.</msg>
<status status="PASS" starttime="20231005 20:00:21.608" endtime="20231005 20:00:21.708"/>
</kw>
<kw name="Click Element" library="SeleniumLibrary">
<arg>locator=(//input[contains(@type,'submit')])[1]</arg>
<doc>Click the element identified by ``locator``.</doc>
<msg timestamp="20231005 20:00:21.709" level="INFO">Clicking element '(//input[contains(@type,'submit')])[1]'.</msg>
<status status="PASS" starttime="20231005 20:00:21.708" endtime="20231005 20:00:22.843"/>
</kw>
<status status="PASS" starttime="20231005 20:00:21.608" endtime="20231005 20:00:22.843"/>
</kw>
<kw name="Então validarei se o texto está sendo apresentado na página" library="blogdoagi_resources">
<kw name="Wait Until Page Contains" library="SeleniumLibrary">
<arg>text=Letras Financeiras Públicas</arg>
<doc>Waits until ``text`` appears on the current page.</doc>
<status status="PASS" starttime="20231005 20:00:22.844" endtime="20231005 20:00:22.855"/>
</kw>
<status status="PASS" starttime="20231005 20:00:22.843" endtime="20231005 20:00:22.855"/>
</kw>
<kw name="Fechar o navegador" library="blogdoagi_resources" type="TEARDOWN">
<kw name="Close Browser" library="SeleniumLibrary">
<doc>Closes the current browser.</doc>
<status status="PASS" starttime="20231005 20:00:22.856" endtime="20231005 20:00:22.922"/>
</kw>
<status status="PASS" starttime="20231005 20:00:22.856" endtime="20231005 20:00:22.922"/>
</kw>
<doc>Esse teste verifica a funcionalidade do campo pesquisar</doc>
<tag>pesquisar</tag>
<status status="PASS" starttime="20231005 20:00:18.004" endtime="20231005 20:00:22.922"/>
</test>
<doc>Essa suíte testa o site da blogdoagi.com.br</doc>
<status status="PASS" starttime="20231005 20:00:13.299" endtime="20231005 20:00:22.923"/>
</suite>
<statistics>
<total>
<stat pass="2" fail="0" skip="0">All Tests</stat>
</total>
<tag>
<stat pass="1" fail="0" skip="0">lupa</stat>
<stat pass="1" fail="0" skip="0">pesquisar</stat>
</tag>
<suite>
<stat pass="2" fail="0" skip="0" id="s1" name="Blogdoagi Teste">Blogdoagi Teste</stat>
</suite>
</statistics>
<errors>
</errors>
</robot>
