<?xml version="1.0" encoding="UTF-8"?>
<robot generator="Robot 6.1.1 (Python 3.10.12 on linux)" generated="20231005 18:54:07.036" rpa="false" schemaversion="4">
<suite id="s1" name="Blogdoagi Teste" source="/home/thiago/CursosUdemy/robotframework/webtesting/blogdoagi_teste.robot">
<test id="s1-t1" name="Caso de teste 02 - Valida o campo &quot;Pesquisar&quot;" line="15">
<kw name="Abrir o navegador" library="blogdoagi_resources" type="SETUP">
<kw name="Open Browser" library="SeleniumLibrary">
<arg>browser=chrome</arg>
<doc>Opens a new browser instance to the optional ``url``.</doc>
<msg timestamp="20231005 18:54:07.248" level="INFO">Opening browser 'chrome' to base url 'None'.</msg>
<status status="PASS" starttime="20231005 18:54:07.248" endtime="20231005 18:54:08.880"/>
</kw>
<kw name="Maximize Browser Window" library="SeleniumLibrary">
<doc>Maximizes current browser window.</doc>
<status status="PASS" starttime="20231005 18:54:08.881" endtime="20231005 18:54:08.986"/>
</kw>
<status status="PASS" starttime="20231005 18:54:07.247" endtime="20231005 18:54:08.987"/>
</kw>
<kw name="Acessar a home page do site blogdoagi.com.br" library="blogdoagi_resources">
<kw name="Go To" library="SeleniumLibrary">
<arg>url=${URL}</arg>
<doc>Navigates the current browser window to the provided ``url``.</doc>
<msg timestamp="20231005 18:54:08.989" level="INFO">Opening url 'https://blogdoagi.com.br/'</msg>
<status status="PASS" starttime="20231005 18:54:08.989" endtime="20231005 18:54:11.327"/>
</kw>
<kw name="Wait Until Page Contains Element" library="SeleniumLibrary">
<arg>locator=//div[contains(@id,'site-branding')]</arg>
<doc>Waits until the element ``locator`` appears on the current page.</doc>
<status status="PASS" starttime="20231005 18:54:11.335" endtime="20231005 18:54:11.399"/>
</kw>
<kw name="Title Should Be" library="SeleniumLibrary">
<arg>title=Blog do Agi</arg>
<doc>Verifies that the current page title equals ``title``.</doc>
<msg timestamp="20231005 18:54:11.406" level="INFO">Page title is 'Blog do Agi'.</msg>
<status status="PASS" starttime="20231005 18:54:11.400" endtime="20231005 18:54:11.407"/>
</kw>
<status status="PASS" starttime="20231005 18:54:08.988" endtime="20231005 18:54:11.407"/>
</kw>
<kw name="Acionar o ícone lupa" library="blogdoagi_resources">
<kw name="Wait Until Page Contains Element" library="SeleniumLibrary">
<arg>locator=//button[@id='search-open']</arg>
<doc>Waits until the element ``locator`` appears on the current page.</doc>
<status status="PASS" starttime="20231005 18:54:11.409" endtime="20231005 18:54:11.426"/>
</kw>
<kw name="Click Button" library="SeleniumLibrary">
<arg>locator=//button[@id='search-open']</arg>
<doc>Clicks the button identified by ``locator``.</doc>
<msg timestamp="20231005 18:54:11.428" level="INFO">Clicking button '//button[@id='search-open']'.</msg>
<status status="PASS" starttime="20231005 18:54:11.426" endtime="20231005 18:54:11.505"/>
</kw>
<status status="PASS" starttime="20231005 18:54:11.408" endtime="20231005 18:54:11.505"/>
</kw>
<kw name="Validar apresentação do campo de Pesquisa e o botão de pesquisar" library="blogdoagi_resources">
<kw name="Wait Until Page Contains Element" library="SeleniumLibrary">
<arg>locator=//div[@class='desktop-search'][contains(.,'Pesquisar por:')]</arg>
<doc>Waits until the element ``locator`` appears on the current page.</doc>
<status status="PASS" starttime="20231005 18:54:11.506" endtime="20231005 18:54:11.526"/>
</kw>
<kw name="Page Should Contain Element" library="SeleniumLibrary">
<arg>locator=(//input[contains(@type,'submit')])[1]</arg>
<doc>Verifies that element ``locator`` is found on the current page.</doc>
<msg timestamp="20231005 18:54:11.548" level="INFO">Current page contains element '(//input[contains(@type,'submit')])[1]'.</msg>
<status status="PASS" starttime="20231005 18:54:11.527" endtime="20231005 18:54:11.548"/>
</kw>
<status status="PASS" starttime="20231005 18:54:11.506" endtime="20231005 18:54:11.549"/>
</kw>
<kw name="Digitar o texto &quot;Letras Financeiras Públicas&quot; no campo pesquisar" library="blogdoagi_resources">
<kw name="Input Text" library="SeleniumLibrary">
<arg>locator=(//input[contains(@type,'search')])[1]</arg>
<arg>text=Letras Financeiras Públicas</arg>
<doc>Types the given ``text`` into the text field identified by ``locator``.</doc>
<msg timestamp="20231005 18:54:11.553" level="INFO">Typing text 'Letras Financeiras Públicas' into text field '(//input[contains(@type,'search')])[1]'.</msg>
<status status="PASS" starttime="20231005 18:54:11.551" endtime="20231005 18:54:11.673"/>
</kw>
<kw name="Click Element" library="SeleniumLibrary">
<arg>locator=(//input[contains(@type,'submit')])[1]</arg>
<doc>Click the element identified by ``locator``.</doc>
<msg timestamp="20231005 18:54:11.674" level="INFO">Clicking element '(//input[contains(@type,'submit')])[1]'.</msg>
<status status="PASS" starttime="20231005 18:54:11.673" endtime="20231005 18:54:12.613"/>
</kw>
<status status="PASS" starttime="20231005 18:54:11.550" endtime="20231005 18:54:12.613"/>
</kw>
<kw name="Validar se o texto é apresentado na página" library="blogdoagi_resources">
<kw name="Wait Until Page Contains" library="SeleniumLibrary">
<arg>text=Letras Financeiras Públicas</arg>
<doc>Waits until ``text`` appears on the current page.</doc>
<status status="PASS" starttime="20231005 18:54:12.615" endtime="20231005 18:54:12.636"/>
</kw>
<status status="PASS" starttime="20231005 18:54:12.614" endtime="20231005 18:54:12.637"/>
</kw>
<kw name="Fechar o navegador" library="blogdoagi_resources" type="TEARDOWN">
<kw name="Close Browser" library="SeleniumLibrary">
<doc>Closes the current browser.</doc>
<status status="PASS" starttime="20231005 18:54:12.639" endtime="20231005 18:54:12.715"/>
</kw>
<status status="PASS" starttime="20231005 18:54:12.638" endtime="20231005 18:54:12.715"/>
</kw>
<doc>Esse teste verifica a funcionalidade do campo pesquisar</doc>
<tag>pesquisar</tag>
<status status="PASS" starttime="20231005 18:54:07.246" endtime="20231005 18:54:12.715"/>
</test>
<doc>Essa suíte testa o site da blogdoagi.com.br</doc>
<status status="PASS" starttime="20231005 18:54:07.040" endtime="20231005 18:54:12.717"/>
</suite>
<statistics>
<total>
<stat pass="1" fail="0" skip="0">All Tests</stat>
</total>
<tag>
<stat pass="1" fail="0" skip="0">pesquisar</stat>
</tag>
<suite>
<stat pass="1" fail="0" skip="0" id="s1" name="Blogdoagi Teste">Blogdoagi Teste</stat>
</suite>
</statistics>
<errors>
</errors>
</robot>
