<?xml version="1.0" encoding="UTF-8"?>
<robot generator="Robot 6.1.1 (Python 3.10.12 on linux)" generated="20231005 18:19:07.691" rpa="false" schemaversion="4">
<suite id="s1" name="Blogdoagi Teste" source="/home/thiago/CursosUdemy/robotframework/webtesting/blogdoagi_teste.robot">
<test id="s1-t1" name="Caso de teste 01 - Acessa a funcionalidade de pesquisa &quot;Lupa&quot;" line="8">
<kw name="Abrir o navegador" library="blogdoagi_resources" type="SETUP">
<kw name="Open Browser" library="SeleniumLibrary">
<arg>browser=chrome</arg>
<doc>Opens a new browser instance to the optional ``url``.</doc>
<msg timestamp="20231005 18:19:07.824" level="INFO">Opening browser 'chrome' to base url 'None'.</msg>
<status status="PASS" starttime="20231005 18:19:07.824" endtime="20231005 18:19:08.751"/>
</kw>
<kw name="Maximize Browser Window" library="SeleniumLibrary">
<doc>Maximizes current browser window.</doc>
<status status="PASS" starttime="20231005 18:19:08.751" endtime="20231005 18:19:08.870"/>
</kw>
<status status="PASS" starttime="20231005 18:19:07.824" endtime="20231005 18:19:08.871"/>
</kw>
<kw name="Acessar a home page do site blogdoagi.com.br" library="blogdoagi_resources">
<kw name="Go To" library="SeleniumLibrary">
<arg>url=${URL}</arg>
<doc>Navigates the current browser window to the provided ``url``.</doc>
<msg timestamp="20231005 18:19:08.875" level="INFO">Opening url 'https://blogdoagi.com.br/'</msg>
<status status="PASS" starttime="20231005 18:19:08.873" endtime="20231005 18:19:11.159"/>
</kw>
<kw name="Wait Until Page Contains Element" library="SeleniumLibrary">
<arg>locator=//div[contains(@id,'site-branding')]</arg>
<doc>Waits until the element ``locator`` appears on the current page.</doc>
<status status="PASS" starttime="20231005 18:19:11.160" endtime="20231005 18:19:11.212"/>
</kw>
<kw name="Title Should Be" library="SeleniumLibrary">
<arg>title=Blog do Agi</arg>
<doc>Verifies that the current page title equals ``title``.</doc>
<msg timestamp="20231005 18:19:11.217" level="INFO">Page title is 'Blog do Agi'.</msg>
<status status="PASS" starttime="20231005 18:19:11.212" endtime="20231005 18:19:11.217"/>
</kw>
<status status="PASS" starttime="20231005 18:19:08.872" endtime="20231005 18:19:11.217"/>
</kw>
<kw name="Acionar o ícone lupa" library="blogdoagi_resources">
<kw name="Wait Until Page Contains Element" library="SeleniumLibrary">
<arg>locator=//button[@id='search-open']</arg>
<doc>Waits until the element ``locator`` appears on the current page.</doc>
<status status="PASS" starttime="20231005 18:19:11.218" endtime="20231005 18:19:11.230"/>
</kw>
<kw name="Click Button" library="SeleniumLibrary">
<arg>locator=//button[@id='search-open']</arg>
<doc>Clicks the button identified by ``locator``.</doc>
<msg timestamp="20231005 18:19:11.230" level="INFO">Clicking button '//button[@id='search-open']'.</msg>
<status status="PASS" starttime="20231005 18:19:11.230" endtime="20231005 18:19:11.285"/>
</kw>
<status status="PASS" starttime="20231005 18:19:11.217" endtime="20231005 18:19:11.285"/>
</kw>
<kw name="Validar apresentação do campo de Pesquisa e o botão de pesquisar" library="blogdoagi_resources">
<kw name="Wait Until Page Contains Element" library="SeleniumLibrary">
<arg>locator=//div[@class='desktop-search'][contains(.,'Pesquisar por:')]</arg>
<doc>Waits until the element ``locator`` appears on the current page.</doc>
<status status="PASS" starttime="20231005 18:19:11.286" endtime="20231005 18:19:11.300"/>
</kw>
<kw name="Page Should Contain Element" library="SeleniumLibrary">
<arg>locator=(//input[contains(@type,'submit')])[1]</arg>
<doc>Verifies that element ``locator`` is found on the current page.</doc>
<msg timestamp="20231005 18:19:11.310" level="INFO">Current page contains element '(//input[contains(@type,'submit')])[1]'.</msg>
<status status="PASS" starttime="20231005 18:19:11.300" endtime="20231005 18:19:11.310"/>
</kw>
<status status="PASS" starttime="20231005 18:19:11.285" endtime="20231005 18:19:11.311"/>
</kw>
<kw name="Fechar o navegador" library="blogdoagi_resources" type="TEARDOWN">
<kw name="Close Browser" library="SeleniumLibrary">
<doc>Closes the current browser.</doc>
<status status="PASS" starttime="20231005 18:19:11.311" endtime="20231005 18:19:11.375"/>
</kw>
<status status="PASS" starttime="20231005 18:19:11.311" endtime="20231005 18:19:11.375"/>
</kw>
<doc>Esse teste verifica a funcionalidade do ícone lupa do site blogdoagi.com.br</doc>
<tag>lupa</tag>
<status status="PASS" starttime="20231005 18:19:07.823" endtime="20231005 18:19:11.375"/>
</test>
<test id="s1-t2" name="Caso de teste 02 - Valida o campo &quot;Pesquisar&quot;" line="15">
<kw name="Abrir o navegador" library="blogdoagi_resources" type="SETUP">
<kw name="Open Browser" library="SeleniumLibrary">
<arg>browser=chrome</arg>
<doc>Opens a new browser instance to the optional ``url``.</doc>
<msg timestamp="20231005 18:19:11.382" level="INFO">Opening browser 'chrome' to base url 'None'.</msg>
<status status="PASS" starttime="20231005 18:19:11.381" endtime="20231005 18:19:12.392"/>
</kw>
<kw name="Maximize Browser Window" library="SeleniumLibrary">
<doc>Maximizes current browser window.</doc>
<status status="PASS" starttime="20231005 18:19:12.392" endtime="20231005 18:19:12.502"/>
</kw>
<status status="PASS" starttime="20231005 18:19:11.380" endtime="20231005 18:19:12.502"/>
</kw>
<kw name="Acessar a home page do site blogdoagi.com.br" library="blogdoagi_resources">
<kw name="Go To" library="SeleniumLibrary">
<arg>url=${URL}</arg>
<doc>Navigates the current browser window to the provided ``url``.</doc>
<msg timestamp="20231005 18:19:12.502" level="INFO">Opening url 'https://blogdoagi.com.br/'</msg>
<status status="PASS" starttime="20231005 18:19:12.502" endtime="20231005 18:19:14.341"/>
</kw>
<kw name="Wait Until Page Contains Element" library="SeleniumLibrary">
<arg>locator=//div[contains(@id,'site-branding')]</arg>
<doc>Waits until the element ``locator`` appears on the current page.</doc>
<status status="PASS" starttime="20231005 18:19:14.341" endtime="20231005 18:19:14.382"/>
</kw>
<kw name="Title Should Be" library="SeleniumLibrary">
<arg>title=Blog do Agi</arg>
<doc>Verifies that the current page title equals ``title``.</doc>
<msg timestamp="20231005 18:19:14.387" level="INFO">Page title is 'Blog do Agi'.</msg>
<status status="PASS" starttime="20231005 18:19:14.383" endtime="20231005 18:19:14.387"/>
</kw>
<status status="PASS" starttime="20231005 18:19:12.502" endtime="20231005 18:19:14.387"/>
</kw>
<kw name="Acionar o ícone lupa" library="blogdoagi_resources">
<kw name="Wait Until Page Contains Element" library="SeleniumLibrary">
<arg>locator=//button[@id='search-open']</arg>
<doc>Waits until the element ``locator`` appears on the current page.</doc>
<status status="PASS" starttime="20231005 18:19:14.387" endtime="20231005 18:19:14.399"/>
</kw>
<kw name="Click Button" library="SeleniumLibrary">
<arg>locator=//button[@id='search-open']</arg>
<doc>Clicks the button identified by ``locator``.</doc>
<msg timestamp="20231005 18:19:14.399" level="INFO">Clicking button '//button[@id='search-open']'.</msg>
<status status="PASS" starttime="20231005 18:19:14.399" endtime="20231005 18:19:14.453"/>
</kw>
<status status="PASS" starttime="20231005 18:19:14.387" endtime="20231005 18:19:14.453"/>
</kw>
<kw name="Validar apresentação do campo de Pesquisa e o botão de pesquisar" library="blogdoagi_resources">
<kw name="Wait Until Page Contains Element" library="SeleniumLibrary">
<arg>locator=//div[@class='desktop-search'][contains(.,'Pesquisar por:')]</arg>
<doc>Waits until the element ``locator`` appears on the current page.</doc>
<status status="PASS" starttime="20231005 18:19:14.453" endtime="20231005 18:19:14.468"/>
</kw>
<kw name="Page Should Contain Element" library="SeleniumLibrary">
<arg>locator=(//input[contains(@type,'submit')])[1]</arg>
<doc>Verifies that element ``locator`` is found on the current page.</doc>
<msg timestamp="20231005 18:19:14.478" level="INFO">Current page contains element '(//input[contains(@type,'submit')])[1]'.</msg>
<status status="PASS" starttime="20231005 18:19:14.468" endtime="20231005 18:19:14.478"/>
</kw>
<status status="PASS" starttime="20231005 18:19:14.453" endtime="20231005 18:19:14.478"/>
</kw>
<kw name="Digitar o texto &quot;Letras Financeiras Públicas&quot; no campo pesquisar" library="blogdoagi_resources">
<kw name="Input Text" library="SeleniumLibrary">
<arg>locator=(//input[contains(@type,'search')])[1]</arg>
<arg>text=Letras Financeiras Públicas</arg>
<doc>Types the given ``text`` into the text field identified by ``locator``.</doc>
<msg timestamp="20231005 18:19:14.480" level="INFO">Typing text 'Letras Financeiras Públicas' into text field '(//input[contains(@type,'search')])[1]'.</msg>
<status status="PASS" starttime="20231005 18:19:14.479" endtime="20231005 18:19:14.580"/>
</kw>
<kw name="Click Element" library="SeleniumLibrary">
<arg>locator=(//input[contains(@type,'submit')])[1]</arg>
<doc>Click the element identified by ``locator``.</doc>
<msg timestamp="20231005 18:19:14.581" level="INFO">Clicking element '(//input[contains(@type,'submit')])[1]'.</msg>
<status status="PASS" starttime="20231005 18:19:14.580" endtime="20231005 18:19:15.100"/>
</kw>
<status status="PASS" starttime="20231005 18:19:14.479" endtime="20231005 18:19:15.100"/>
</kw>
<kw name="Validar se o texto é apresentado na página" library="blogdoagi_resources">
<kw name="Wait Until Page Contains" library="SeleniumLibrary">
<arg>text=Letras Financeiras Públicas</arg>
<doc>Waits until ``text`` appears on the current page.</doc>
<status status="PASS" starttime="20231005 18:19:15.101" endtime="20231005 18:19:15.147"/>
</kw>
<status status="PASS" starttime="20231005 18:19:15.101" endtime="20231005 18:19:15.147"/>
</kw>
<kw name="Fechar o navegador" library="blogdoagi_resources" type="TEARDOWN">
<kw name="Close Browser" library="SeleniumLibrary">
<doc>Closes the current browser.</doc>
<status status="PASS" starttime="20231005 18:19:15.148" endtime="20231005 18:19:15.228"/>
</kw>
<status status="PASS" starttime="20231005 18:19:15.147" endtime="20231005 18:19:15.229"/>
</kw>
<doc>Esse teste verifica a funcionalidade do campo pesquisar</doc>
<tag>pesquisar</tag>
<status status="PASS" starttime="20231005 18:19:11.376" endtime="20231005 18:19:15.229"/>
</test>
<doc>Essa suíte testa o site da blogdoagi.com.br</doc>
<status status="PASS" starttime="20231005 18:19:07.692" endtime="20231005 18:19:15.230"/>
</suite>
<statistics>
<total>
<stat pass="2" fail="0" skip="0">All Tests</stat>
</total>
<tag>
<stat pass="1" fail="0" skip="0">lupa</stat>
<stat pass="1" fail="0" skip="0">pesquisar</stat>
</tag>
<suite>
<stat pass="2" fail="0" skip="0" id="s1" name="Blogdoagi Teste">Blogdoagi Teste</stat>
</suite>
</statistics>
<errors>
</errors>
</robot>
